\BOOKMARK [0][-]{chapter.1}{\376\377\0001\000\040\000C\000l\000a\000s\000s\000\040\000I\000n\000d\000e\000x}{}% 1
\BOOKMARK [1][-]{section.1.1}{\376\377\0001\000.\0001\000\040\000C\000l\000a\000s\000s\000\040\000L\000i\000s\000t}{chapter.1}% 2
\BOOKMARK [0][-]{chapter.2}{\376\377\0002\000\040\000C\000l\000a\000s\000s\000\040\000D\000o\000c\000u\000m\000e\000n\000t\000a\000t\000i\000o\000n}{}% 3
\BOOKMARK [1][-]{section.2.1}{\376\377\0002\000.\0001\000\040\000a\000t\000t\000r\000i\000b\000u\000t\000e\000\137\000i\000n\000f\000o\000\040\000S\000t\000r\000u\000c\000t\000\040\000R\000e\000f\000e\000r\000e\000n\000c\000e}{chapter.2}% 4
\BOOKMARK [1][-]{section.2.2}{\376\377\0002\000.\0002\000\040\000B\000y\000t\000e\000s\000P\000a\000r\000s\000e\000r\000\040\000C\000l\000a\000s\000s\000\040\000R\000e\000f\000e\000r\000e\000n\000c\000e}{chapter.2}% 5
\BOOKMARK [2][-]{subsection.2.2.1}{\376\377\0002\000.\0002\000.\0001\000\040\000D\000e\000t\000a\000i\000l\000e\000d\000\040\000D\000e\000s\000c\000r\000i\000p\000t\000i\000o\000n}{section.2.2}% 6
\BOOKMARK [1][-]{section.2.3}{\376\377\0002\000.\0003\000\040\000C\000l\000a\000s\000s\000F\000i\000l\000e\000I\000m\000p\000l\000\040\000C\000l\000a\000s\000s\000\040\000R\000e\000f\000e\000r\000e\000n\000c\000e}{chapter.2}% 7
\BOOKMARK [2][-]{subsection.2.3.1}{\376\377\0002\000.\0003\000.\0001\000\040\000D\000e\000t\000a\000i\000l\000e\000d\000\040\000D\000e\000s\000c\000r\000i\000p\000t\000i\000o\000n}{section.2.3}% 8
\BOOKMARK [2][-]{subsection.2.3.2}{\376\377\0002\000.\0003\000.\0002\000\040\000M\000e\000m\000b\000e\000r\000\040\000F\000u\000n\000c\000t\000i\000o\000n\000\040\000D\000o\000c\000u\000m\000e\000n\000t\000a\000t\000i\000o\000n}{section.2.3}% 9
\BOOKMARK [3][-]{subsubsection.2.3.2.1}{\376\377\0002\000.\0003\000.\0002\000.\0001\000\040\000c\000p\000\137\000i\000n\000d\000e\000x\000\137\000a\000s\000\137\000s\000t\000r\000i\000n\000g\000\050\000\051}{subsection.2.3.2}% 10
\BOOKMARK [3][-]{subsubsection.2.3.2.2}{\376\377\0002\000.\0003\000.\0002\000.\0002\000\040\000c\000p\000\137\000i\000n\000d\000e\000x\000\137\000i\000s\000\137\000s\000t\000r\000i\000n\000g\000\050\000\051}{subsection.2.3.2}% 11
\BOOKMARK [3][-]{subsubsection.2.3.2.3}{\376\377\0002\000.\0003\000.\0002\000.\0003\000\040\000i\000n\000t\000e\000r\000f\000a\000c\000e\000\137\000n\000a\000m\000e\000s\000\050\000\051}{subsection.2.3.2}% 12
\BOOKMARK [3][-]{subsubsection.2.3.2.4}{\376\377\0002\000.\0003\000.\0002\000.\0004\000\040\000i\000s\000\137\000c\000p\000\137\000i\000n\000d\000e\000x\000\050\000\051}{subsection.2.3.2}% 13
\BOOKMARK [1][-]{section.2.4}{\376\377\0002\000.\0004\000\040\000C\000l\000a\000s\000s\000R\000e\000a\000d\000e\000r\000\040\000C\000l\000a\000s\000s\000\040\000R\000e\000f\000e\000r\000e\000n\000c\000e}{chapter.2}% 14
\BOOKMARK [2][-]{subsection.2.4.1}{\376\377\0002\000.\0004\000.\0001\000\040\000D\000e\000t\000a\000i\000l\000e\000d\000\040\000D\000e\000s\000c\000r\000i\000p\000t\000i\000o\000n}{section.2.4}% 15
\BOOKMARK [2][-]{subsection.2.4.2}{\376\377\0002\000.\0004\000.\0002\000\040\000M\000e\000m\000b\000e\000r\000\040\000F\000u\000n\000c\000t\000i\000o\000n\000\040\000D\000o\000c\000u\000m\000e\000n\000t\000a\000t\000i\000o\000n}{section.2.4}% 16
\BOOKMARK [3][-]{subsubsection.2.4.2.1}{\376\377\0002\000.\0004\000.\0002\000.\0001\000\040\000d\000e\000s\000e\000r\000i\000a\000l\000i\000z\000e\000\050\000\051}{subsection.2.4.2}% 17
\BOOKMARK [1][-]{section.2.5}{\376\377\0002\000.\0005\000\040\000C\000l\000a\000s\000s\000W\000r\000i\000t\000e\000r\000\040\000C\000l\000a\000s\000s\000\040\000R\000e\000f\000e\000r\000e\000n\000c\000e}{chapter.2}% 18
\BOOKMARK [2][-]{subsection.2.5.1}{\376\377\0002\000.\0005\000.\0001\000\040\000D\000e\000t\000a\000i\000l\000e\000d\000\040\000D\000e\000s\000c\000r\000i\000p\000t\000i\000o\000n}{section.2.5}% 19
\BOOKMARK [2][-]{subsection.2.5.2}{\376\377\0002\000.\0005\000.\0002\000\040\000M\000e\000m\000b\000e\000r\000\040\000F\000u\000n\000c\000t\000i\000o\000n\000\040\000D\000o\000c\000u\000m\000e\000n\000t\000a\000t\000i\000o\000n}{section.2.5}% 20
\BOOKMARK [3][-]{subsubsection.2.5.2.1}{\376\377\0002\000.\0005\000.\0002\000.\0001\000\040\000s\000e\000r\000i\000a\000l\000i\000z\000e\000\050\000\051}{subsection.2.5.2}% 21
\BOOKMARK [1][-]{section.2.6}{\376\377\0002\000.\0006\000\040\000C\000o\000d\000e\000\137\000a\000t\000t\000r\000i\000b\000u\000t\000e\000\040\000S\000t\000r\000u\000c\000t\000\040\000R\000e\000f\000e\000r\000e\000n\000c\000e}{chapter.2}% 22
\BOOKMARK [1][-]{section.2.7}{\376\377\0002\000.\0007\000\040\000C\000O\000N\000S\000T\000A\000N\000T\000\137\000C\000l\000a\000s\000s\000\137\000i\000n\000f\000o\000\040\000S\000t\000r\000u\000c\000t\000\040\000R\000e\000f\000e\000r\000e\000n\000c\000e}{chapter.2}% 23
\BOOKMARK [1][-]{section.2.8}{\376\377\0002\000.\0008\000\040\000C\000O\000N\000S\000T\000A\000N\000T\000\137\000G\000e\000n\000e\000r\000i\000c\000M\000e\000t\000h\000o\000d\000r\000e\000f\000\137\000i\000n\000f\000o\000\040\000S\000t\000r\000u\000c\000t\000\040\000R\000e\000f\000e\000r\000e\000n\000c\000e}{chapter.2}% 24
\BOOKMARK [2][-]{subsection.2.8.1}{\376\377\0002\000.\0008\000.\0001\000\040\000D\000e\000t\000a\000i\000l\000e\000d\000\040\000D\000e\000s\000c\000r\000i\000p\000t\000i\000o\000n}{section.2.8}% 25
\BOOKMARK [1][-]{section.2.9}{\376\377\0002\000.\0009\000\040\000C\000O\000N\000S\000T\000A\000N\000T\000\137\000N\000a\000m\000e\000A\000n\000d\000T\000y\000p\000e\000\137\000i\000n\000f\000o\000\040\000S\000t\000r\000u\000c\000t\000\040\000R\000e\000f\000e\000r\000e\000n\000c\000e}{chapter.2}% 26
\BOOKMARK [1][-]{section.2.10}{\376\377\0002\000.\0001\0000\000\040\000c\000p\000\137\000i\000n\000f\000o\000\040\000S\000t\000r\000u\000c\000t\000\040\000R\000e\000f\000e\000r\000e\000n\000c\000e}{chapter.2}% 27
\BOOKMARK [2][-]{subsection.2.10.1}{\376\377\0002\000.\0001\0000\000.\0001\000\040\000D\000e\000t\000a\000i\000l\000e\000d\000\040\000D\000e\000s\000c\000r\000i\000p\000t\000i\000o\000n}{section.2.10}% 28
\BOOKMARK [1][-]{section.2.11}{\376\377\0002\000.\0001\0001\000\040\000D\000e\000b\000u\000g\000O\000s\000t\000r\000e\000a\000m\000\040\000S\000t\000r\000u\000c\000t\000\040\000R\000e\000f\000e\000r\000e\000n\000c\000e}{chapter.2}% 29
\BOOKMARK [1][-]{section.2.12}{\376\377\0002\000.\0001\0002\000\040\000C\000o\000d\000e\000\137\000a\000t\000t\000r\000i\000b\000u\000t\000e\000:\000:\000e\000x\000c\000e\000p\000t\000i\000o\000n\000\040\000S\000t\000r\000u\000c\000t\000\040\000R\000e\000f\000e\000r\000e\000n\000c\000e}{chapter.2}% 30
\BOOKMARK [1][-]{section.2.13}{\376\377\0002\000.\0001\0003\000\040\000f\000i\000e\000l\000d\000\137\000i\000n\000f\000o\000\040\000S\000t\000r\000u\000c\000t\000\040\000R\000e\000f\000e\000r\000e\000n\000c\000e}{chapter.2}% 31
